
**** Build of configuration Debug for project saneLib ****

make all 
Building file: ../src/Corr_preprocess.cpp
Invoking: GCC C++ Compiler
g++ -UDEBUG -I"/home/abeelen/sanepicDirfile/saneIO/src" -I/usr/local/include/ -I"/home/abeelen/sanepicDirfile/nr/src" -O3 -Wall -c -fmessage-length=0 -fPIC -MMD -MP -MF"src/Corr_preprocess.d" -MT"src/Corr_preprocess.d" -o"src/Corr_preprocess.o" "../src/Corr_preprocess.cpp"
Finished building: ../src/Corr_preprocess.cpp
 
Building file: ../src/NoCorr_preprocess.cpp
Invoking: GCC C++ Compiler
g++ -UDEBUG -I"/home/abeelen/sanepicDirfile/saneIO/src" -I/usr/local/include/ -I"/home/abeelen/sanepicDirfile/nr/src" -O3 -Wall -c -fmessage-length=0 -fPIC -MMD -MP -MF"src/NoCorr_preprocess.d" -MT"src/NoCorr_preprocess.d" -o"src/NoCorr_preprocess.o" "../src/NoCorr_preprocess.cpp"
Finished building: ../src/NoCorr_preprocess.cpp
 
Building file: ../src/cholesky.cpp
Invoking: GCC C++ Compiler
g++ -UDEBUG -I"/home/abeelen/sanepicDirfile/saneIO/src" -I/usr/local/include/ -I"/home/abeelen/sanepicDirfile/nr/src" -O3 -Wall -c -fmessage-length=0 -fPIC -MMD -MP -MF"src/cholesky.d" -MT"src/cholesky.d" -o"src/cholesky.o" "../src/cholesky.cpp"
Finished building: ../src/cholesky.cpp
 
Building file: ../src/fitpoly.cpp
Invoking: GCC C++ Compiler
g++ -UDEBUG -I"/home/abeelen/sanepicDirfile/saneIO/src" -I/usr/local/include/ -I"/home/abeelen/sanepicDirfile/nr/src" -O3 -Wall -c -fmessage-length=0 -fPIC -MMD -MP -MF"src/fitpoly.d" -MT"src/fitpoly.d" -o"src/fitpoly.o" "../src/fitpoly.cpp"
Finished building: ../src/fitpoly.cpp
 
Building file: ../src/map_making.cpp
Invoking: GCC C++ Compiler
g++ -UDEBUG -I"/home/abeelen/sanepicDirfile/saneIO/src" -I/usr/local/include/ -I"/home/abeelen/sanepicDirfile/nr/src" -O3 -Wall -c -fmessage-length=0 -fPIC -MMD -MP -MF"src/map_making.d" -MT"src/map_making.d" -o"src/map_making.o" "../src/map_making.cpp"
Finished building: ../src/map_making.cpp
 
Building file: ../src/todprocess.cpp
Invoking: GCC C++ Compiler
g++ -UDEBUG -I"/home/abeelen/sanepicDirfile/saneIO/src" -I/usr/local/include/ -I"/home/abeelen/sanepicDirfile/nr/src" -O3 -Wall -c -fmessage-length=0 -fPIC -MMD -MP -MF"src/todprocess.d" -MT"src/todprocess.d" -o"src/todprocess.o" "../src/todprocess.cpp"
Finished building: ../src/todprocess.cpp
 
Building target: libsaneLib.so
Invoking: GCC C++ Linker
g++ -L"/home/abeelen/sanepicDirfile/nr/Debug" -L/usr/local/lib/ -L"/home/abeelen/sanepicDirfile/saneIO/Debug" -shared -o"libsaneLib.so"  ./src/Corr_preprocess.o ./src/NoCorr_preprocess.o ./src/cholesky.o ./src/fitpoly.o ./src/map_making.o ./src/todprocess.o   -lnr -lgslcblas -lgsl -lsaneIO -lfftw3
Finished building target: libsaneLib.so
 
